<component name="ArtifactManager">
  <artifact type="jar" build-on-make="true" name="jUnit">
    <output-path>$PROJECT_DIR$/out/artifacts/jUnit</output-path>
    <root id="archive" name="jUnit.jar">
      <element id="file-copy" path="$PROJECT_DIR$/junit-4.7.jar" />
    </root>
  </artifact>
</component>